  ArrivalEvent.cpp
  CancelEvent.cpp
D:\Zewail\Year 5\Data Structures\Project\DataStructuresProject\DS Project\DS Project\GUI\GUI.h(2,10): fatal error C1083: Cannot open include file: 'SFML\Graphics.hpp': No such file or directory
  Event.cpp
  PromoteEvent.cpp
D:\Zewail\Year 5\Data Structures\Project\DataStructuresProject\DS Project\DS Project\GUI\GUI.h(2,10): fatal error C1083: Cannot open include file: 'SFML\Graphics.hpp': No such file or directory
  GUI.cpp
D:\Zewail\Year 5\Data Structures\Project\DataStructuresProject\DS Project\DS Project\GUI\GUI.h(2,10): fatal error C1083: Cannot open include file: 'SFML\Graphics.hpp': No such file or directory
  GUIDrawable.cpp
D:\Zewail\Year 5\Data Structures\Project\DataStructuresProject\DS Project\DS Project\GUI\GUI.h(2,10): fatal error C1083: Cannot open include file: 'SFML\Graphics.hpp': No such file or directory
  VeganGUIElement.cpp
D:\Zewail\Year 5\Data Structures\Project\DataStructuresProject\DS Project\DS Project\GUI\GUIDrawables\GUIDrawable.h(2,9): fatal error C1083: Cannot open include file: 'SFML\Graphics.hpp': No such file or directory
  VIPGUIElement.cpp
D:\Zewail\Year 5\Data Structures\Project\DataStructuresProject\DS Project\DS Project\GUI\GUIDrawables\GUIDrawable.h(2,9): fatal error C1083: Cannot open include file: 'SFML\Graphics.hpp': No such file or directory
  MainScreen.cpp
D:\Zewail\Year 5\Data Structures\Project\DataStructuresProject\DS Project\DS Project\GUI\GUIDrawables\GUIDrawable.h(2,9): fatal error C1083: Cannot open include file: 'SFML\Graphics.hpp': No such file or directory
  StartingScreen.cpp
D:\Zewail\Year 5\Data Structures\Project\DataStructuresProject\DS Project\DS Project\GUI\GUIWindows\MainScreen.h(4,9): fatal error C1083: Cannot open include file: 'SFML\Graphics\Drawable.hpp': No such file or directory
  TextArea.cpp
D:\Zewail\Year 5\Data Structures\Project\DataStructuresProject\DS Project\DS Project\GUI\GUIWindows\StartingScreen.h(4,9): fatal error C1083: Cannot open include file: 'SFML/Graphics/Drawable.hpp': No such file or directory
  NormalGUIElement.cpp
D:\Zewail\Year 5\Data Structures\Project\DataStructuresProject\DS Project\DS Project\GUI\GUIWindows\TextArea.h(4,9): fatal error C1083: Cannot open include file: 'SFML/Graphics/Drawable.hpp': No such file or directory
  Cook.cpp
  Order.cpp
  Restaurant.cpp
D:\Zewail\Year 5\Data Structures\Project\DataStructuresProject\DS Project\DS Project\GUI\GUIDrawables\GUIDrawable.h(2,9): fatal error C1083: Cannot open include file: 'SFML\Graphics.hpp': No such file or directory
  Source.cpp
D:\Zewail\Year 5\Data Structures\Project\DataStructuresProject\DS Project\DS Project\GUI\GUI.h(2,10): fatal error C1083: Cannot open include file: 'SFML\Graphics.hpp': No such file or directory
  Generating Code...
D:\Zewail\Year 5\Data Structures\Project\DataStructuresProject\DS Project\DS Project\GUI\GUI.h(2,10): fatal error C1083: Cannot open include file: 'SFML\Graphics.hpp': No such file or directory
